                                 Started job on |	Apr 19 16:06:22
                             Started mapping on |	Apr 19 16:07:02
                                    Finished on |	Apr 19 16:08:14
       Mapping speed, Million of reads per hour |	590.71

                          Number of input reads |	11814284
                      Average input read length |	94
                                    UNIQUE READS:
                   Uniquely mapped reads number |	11088439
                        Uniquely mapped reads % |	93.86%
                          Average mapped length |	94.68
                       Number of splices: Total |	4265340
            Number of splices: Annotated (sjdb) |	4238445
                       Number of splices: GT/AG |	4235497
                       Number of splices: GC/AG |	21630
                       Number of splices: AT/AC |	1377
               Number of splices: Non-canonical |	6836
                      Mismatch rate per base, % |	0.13%
                         Deletion rate per base |	0.01%
                        Deletion average length |	1.79
                        Insertion rate per base |	0.01%
                       Insertion average length |	1.38
                             MULTI-MAPPING READS:
        Number of reads mapped to multiple loci |	648103
             % of reads mapped to multiple loci |	5.49%
        Number of reads mapped to too many loci |	3285
             % of reads mapped to too many loci |	0.03%
                                  UNMAPPED READS:
  Number of reads unmapped: too many mismatches |	0
       % of reads unmapped: too many mismatches |	0.00%
            Number of reads unmapped: too short |	71172
                 % of reads unmapped: too short |	0.60%
                Number of reads unmapped: other |	3285
                     % of reads unmapped: other |	0.03%
                                  CHIMERIC READS:
                       Number of chimeric reads |	0
                            % of chimeric reads |	0.00%
