                                 Started job on |	Apr 19 13:08:04
                             Started mapping on |	Apr 19 13:08:59
                                    Finished on |	Apr 19 13:10:42
       Mapping speed, Million of reads per hour |	671.99

                          Number of input reads |	19226400
                      Average input read length |	94
                                    UNIQUE READS:
                   Uniquely mapped reads number |	17760345
                        Uniquely mapped reads % |	92.37%
                          Average mapped length |	94.25
                       Number of splices: Total |	6140320
            Number of splices: Annotated (sjdb) |	6094045
                       Number of splices: GT/AG |	6091266
                       Number of splices: GC/AG |	34023
                       Number of splices: AT/AC |	2466
               Number of splices: Non-canonical |	12565
                      Mismatch rate per base, % |	0.14%
                         Deletion rate per base |	0.01%
                        Deletion average length |	1.81
                        Insertion rate per base |	0.01%
                       Insertion average length |	1.30
                             MULTI-MAPPING READS:
        Number of reads mapped to multiple loci |	1326210
             % of reads mapped to multiple loci |	6.90%
        Number of reads mapped to too many loci |	5576
             % of reads mapped to too many loci |	0.03%
                                  UNMAPPED READS:
  Number of reads unmapped: too many mismatches |	0
       % of reads unmapped: too many mismatches |	0.00%
            Number of reads unmapped: too short |	128855
                 % of reads unmapped: too short |	0.67%
                Number of reads unmapped: other |	5414
                     % of reads unmapped: other |	0.03%
                                  CHIMERIC READS:
                       Number of chimeric reads |	0
                            % of chimeric reads |	0.00%
