                                 Started job on |	Apr 19 16:06:44
                             Started mapping on |	Apr 19 16:07:14
                                    Finished on |	Apr 19 16:08:47
       Mapping speed, Million of reads per hour |	696.59

                          Number of input reads |	17995346
                      Average input read length |	86
                                    UNIQUE READS:
                   Uniquely mapped reads number |	16760239
                        Uniquely mapped reads % |	93.14%
                          Average mapped length |	86.93
                       Number of splices: Total |	5699562
            Number of splices: Annotated (sjdb) |	5667189
                       Number of splices: GT/AG |	5662710
                       Number of splices: GC/AG |	27266
                       Number of splices: AT/AC |	1821
               Number of splices: Non-canonical |	7765
                      Mismatch rate per base, % |	0.22%
                         Deletion rate per base |	0.00%
                        Deletion average length |	1.77
                        Insertion rate per base |	0.01%
                       Insertion average length |	1.22
                             MULTI-MAPPING READS:
        Number of reads mapped to multiple loci |	1118896
             % of reads mapped to multiple loci |	6.22%
        Number of reads mapped to too many loci |	7605
             % of reads mapped to too many loci |	0.04%
                                  UNMAPPED READS:
  Number of reads unmapped: too many mismatches |	0
       % of reads unmapped: too many mismatches |	0.00%
            Number of reads unmapped: too short |	102145
                 % of reads unmapped: too short |	0.57%
                Number of reads unmapped: other |	6461
                     % of reads unmapped: other |	0.04%
                                  CHIMERIC READS:
                       Number of chimeric reads |	0
                            % of chimeric reads |	0.00%
