                                 Started job on |	Apr 19 16:08:53
                             Started mapping on |	Apr 19 16:09:13
                                    Finished on |	Apr 19 16:10:47
       Mapping speed, Million of reads per hour |	686.62

                          Number of input reads |	17928446
                      Average input read length |	89
                                    UNIQUE READS:
                   Uniquely mapped reads number |	13898277
                        Uniquely mapped reads % |	77.52%
                          Average mapped length |	90.15
                       Number of splices: Total |	4547531
            Number of splices: Annotated (sjdb) |	4485389
                       Number of splices: GT/AG |	4511841
                       Number of splices: GC/AG |	24958
                       Number of splices: AT/AC |	2693
               Number of splices: Non-canonical |	8039
                      Mismatch rate per base, % |	0.28%
                         Deletion rate per base |	0.01%
                        Deletion average length |	1.66
                        Insertion rate per base |	0.01%
                       Insertion average length |	1.27
                             MULTI-MAPPING READS:
        Number of reads mapped to multiple loci |	3779621
             % of reads mapped to multiple loci |	21.08%
        Number of reads mapped to too many loci |	10531
             % of reads mapped to too many loci |	0.06%
                                  UNMAPPED READS:
  Number of reads unmapped: too many mismatches |	0
       % of reads unmapped: too many mismatches |	0.00%
            Number of reads unmapped: too short |	232024
                 % of reads unmapped: too short |	1.29%
                Number of reads unmapped: other |	7993
                     % of reads unmapped: other |	0.04%
                                  CHIMERIC READS:
                       Number of chimeric reads |	0
                            % of chimeric reads |	0.00%
