                                 Started job on |	Apr 19 16:07:28
                             Started mapping on |	Apr 19 16:08:04
                                    Finished on |	Apr 19 16:09:33
       Mapping speed, Million of reads per hour |	780.64

                          Number of input reads |	19299241
                      Average input read length |	94
                                    UNIQUE READS:
                   Uniquely mapped reads number |	17379882
                        Uniquely mapped reads % |	90.05%
                          Average mapped length |	94.06
                       Number of splices: Total |	5258105
            Number of splices: Annotated (sjdb) |	5189200
                       Number of splices: GT/AG |	5212757
                       Number of splices: GC/AG |	32930
                       Number of splices: AT/AC |	3387
               Number of splices: Non-canonical |	9031
                      Mismatch rate per base, % |	0.27%
                         Deletion rate per base |	0.01%
                        Deletion average length |	1.67
                        Insertion rate per base |	0.01%
                       Insertion average length |	1.27
                             MULTI-MAPPING READS:
        Number of reads mapped to multiple loci |	1348443
             % of reads mapped to multiple loci |	6.99%
        Number of reads mapped to too many loci |	19047
             % of reads mapped to too many loci |	0.10%
                                  UNMAPPED READS:
  Number of reads unmapped: too many mismatches |	0
       % of reads unmapped: too many mismatches |	0.00%
            Number of reads unmapped: too short |	537951
                 % of reads unmapped: too short |	2.79%
                Number of reads unmapped: other |	13918
                     % of reads unmapped: other |	0.07%
                                  CHIMERIC READS:
                       Number of chimeric reads |	0
                            % of chimeric reads |	0.00%
