================================================================================
JOB STARTED: Sat Apr 19 02:28:40 PM EDT 2025
NODE: biomix11.dbi.local
SCRIPT /var/spool/slurm/d/job1014478/slurm_script:
#!/bin/bash
#SBATCH --job-name=counting
#SBATCH --mem=32G
#SBATCH -c 1

### SCRIPT DETERMINES NUMBER OF READS MAPPING TO GENE FEATURES IN BAM FILE(S)
### SOFTWARE USED: HTseq

## JOB LOG HEADER
  perl -E 'say"="x80'; echo "JOB STARTED: $(date)"; echo "NODE: $(hostname)"; echo "SCRIPT ${0}:"; cat $0; perl -E 'say"="x80'

## PRIMARY VARIABLES - usually need to change
  INDIR="/home/assmith/project_1/outfiles/b-mapping/"                  # INPUT DIRECTORY
  OUTDIR="/home/assmith/project_1/outfiles/c-counting"                # OUTPUT DIRECTORY

## SECONDARY VARIABLES - rarely need to change                     # GTF FILE CONTAINING GENE ANNOTATIONS
  GTF="/work/binf-courses/binf694/project_1/reference/human-STAR/GRCh38.p14-ensembl/Homo_sapiens.GRCh38.113.gene_name.gtf"
  BAM_EXT="Aligned.sortedByCoord.out.bam"                          # BAM FILE EXTENSION - REMOVED TO NAME OUTPUT FILES

## COMMAND(s) TO RUN
 # TIP: SCRIPT SHOWS HOW TO USE A "FOR" LOOP TO RUN COMMANDS ON MULTIPLE FILES

  mkdir -p ${OUTDIR}
  cd ${OUTDIR}

  # Next line says FOR every file (BAM_FILE) in INDIR that ends in BAM_EXT, repeat commands between "do" and "done"
  for BAM_FILE in $( ls -1 ${INDIR}/*.${BAM_EXT} )
  do
    echo "PROCESSING FILE: ${BAM_FILE}"
    PREFIX=$(basename -s ".${BAM_EXT}" ${BAM_FILE})     # FINDS UNIQUE PART OF FILENAME (REMOVES PATH & EXTENSION)

    # RUN _HT-Seq_ TO COUNT THE NUMBER OF READS IN EACH GENE FEATURE
    htseq-count \
      --mode intersection-nonempty \
      --stranded no \
      --format bam \
      --type exon \
      --idattr gene_name \
      ${BAM_FILE} \
      ${GTF} \
      > ${OUTDIR}/${PREFIX}.count.txt
  done

#JOB LOG FOOTER
  perl -E 'say"="x80'; echo "JOB COMPLETED: $(date)"; perl -E 'say"="x80'
================================================================================
PROCESSING FILE: /home/assmith/project_1/outfiles/b-mapping//liver_a.s.Aligned.sortedByCoord.out.bam
100000 GFF lines processed.
200000 GFF lines processed.
300000 GFF lines processed.
400000 GFF lines processed.
500000 GFF lines processed.
600000 GFF lines processed.
700000 GFF lines processed.
800000 GFF lines processed.
900000 GFF lines processed.
1000000 GFF lines processed.
1100000 GFF lines processed.
1200000 GFF lines processed.
1300000 GFF lines processed.
1400000 GFF lines processed.
1500000 GFF lines processed.
1600000 GFF lines processed.
1700000 GFF lines processed.
1800000 GFF lines processed.
1900000 GFF lines processed.
2000000 GFF lines processed.
2100000 GFF lines processed.
2200000 GFF lines processed.
2300000 GFF lines processed.
2400000 GFF lines processed.
2500000 GFF lines processed.
2600000 GFF lines processed.
2700000 GFF lines processed.
2800000 GFF lines processed.
2900000 GFF lines processed.
3000000 GFF lines processed.
3100000 GFF lines processed.
3200000 GFF lines processed.
3300000 GFF lines processed.
3400000 GFF lines processed.
3500000 GFF lines processed.
3600000 GFF lines processed.
3700000 GFF lines processed.
3800000 GFF lines processed.
3900000 GFF lines processed.
4000000 GFF lines processed.
4100000 GFF lines processed.
4114450 GFF lines processed.
100000 alignment records processed.
200000 alignment records processed.
300000 alignment records processed.
400000 alignment records processed.
500000 alignment records processed.
600000 alignment records processed.
700000 alignment records processed.
800000 alignment records processed.
900000 alignment records processed.
1000000 alignment records processed.
1100000 alignment records processed.
1200000 alignment records processed.
1300000 alignment records processed.
1400000 alignment records processed.
1500000 alignment records processed.
1600000 alignment records processed.
1700000 alignment records processed.
1800000 alignment records processed.
1900000 alignment records processed.
2000000 alignment records processed.
2100000 alignment records processed.
2200000 alignment records processed.
2300000 alignment records processed.
2400000 alignment records processed.
2500000 alignment records processed.
2600000 alignment records processed.
2700000 alignment records processed.
2800000 alignment records processed.
2900000 alignment records processed.
3000000 alignment records processed.
3100000 alignment records processed.
3200000 alignment records processed.
3300000 alignment records processed.
3400000 alignment records processed.
3500000 alignment records processed.
3600000 alignment records processed.
3700000 alignment records processed.
3800000 alignment records processed.
3900000 alignment records processed.
4000000 alignment records processed.
4100000 alignment records processed.
4200000 alignment records processed.
4300000 alignment records processed.
4400000 alignment records processed.
4500000 alignment records processed.
4600000 alignment records processed.
4700000 alignment records processed.
4800000 alignment records processed.
4900000 alignment records processed.
5000000 alignment records processed.
5100000 alignment records processed.
5200000 alignment records processed.
5300000 alignment records processed.
5400000 alignment records processed.
5500000 alignment records processed.
5600000 alignment records processed.
5700000 alignment records processed.
5800000 alignment records processed.
5900000 alignment records processed.
6000000 alignment records processed.
6100000 alignment records processed.
6200000 alignment records processed.
6300000 alignment records processed.
6400000 alignment records processed.
6500000 alignment records processed.
6600000 alignment records processed.
6700000 alignment records processed.
6800000 alignment records processed.
6900000 alignment records processed.
7000000 alignment records processed.
7100000 alignment records processed.
7200000 alignment records processed.
7300000 alignment records processed.
7400000 alignment records processed.
7500000 alignment records processed.
7600000 alignment records processed.
7700000 alignment records processed.
7800000 alignment records processed.
7900000 alignment records processed.
8000000 alignment records processed.
8100000 alignment records processed.
8200000 alignment records processed.
8300000 alignment records processed.
8400000 alignment records processed.
8500000 alignment records processed.
8600000 alignment records processed.
8700000 alignment records processed.
8800000 alignment records processed.
8900000 alignment records processed.
9000000 alignment records processed.
9100000 alignment records processed.
9200000 alignment records processed.
9300000 alignment records processed.
9400000 alignment records processed.
9500000 alignment records processed.
9600000 alignment records processed.
9700000 alignment records processed.
9800000 alignment records processed.
9900000 alignment records processed.
10000000 alignment records processed.
10100000 alignment records processed.
10200000 alignment records processed.
10300000 alignment records processed.
10400000 alignment records processed.
10500000 alignment records processed.
10600000 alignment records processed.
10700000 alignment records processed.
10800000 alignment records processed.
10900000 alignment records processed.
11000000 alignment records processed.
11100000 alignment records processed.
11200000 alignment records processed.
11300000 alignment records processed.
11400000 alignment records processed.
11500000 alignment records processed.
11600000 alignment records processed.
11700000 alignment records processed.
11800000 alignment records processed.
11900000 alignment records processed.
12000000 alignment records processed.
12100000 alignment records processed.
12200000 alignment records processed.
12300000 alignment records processed.
12400000 alignment records processed.
12500000 alignment records processed.
12600000 alignment records processed.
12700000 alignment records processed.
12800000 alignment records processed.
12900000 alignment records processed.
13000000 alignment records processed.
13100000 alignment records processed.
13200000 alignment records processed.
13300000 alignment records processed.
13400000 alignment records processed.
13500000 alignment records processed.
13600000 alignment records processed.
13700000 alignment records processed.
13800000 alignment records processed.
13900000 alignment records processed.
14000000 alignment records processed.
14100000 alignment records processed.
14200000 alignment records processed.
14300000 alignment records processed.
14400000 alignment records processed.
14500000 alignment records processed.
14600000 alignment records processed.
14700000 alignment records processed.
14800000 alignment records processed.
14900000 alignment records processed.
15000000 alignment records processed.
15100000 alignment records processed.
15200000 alignment records processed.
15300000 alignment records processed.
15400000 alignment records processed.
15500000 alignment records processed.
15600000 alignment records processed.
15700000 alignment records processed.
15800000 alignment records processed.
15900000 alignment records processed.
16000000 alignment records processed.
16100000 alignment records processed.
16200000 alignment records processed.
16300000 alignment records processed.
16400000 alignment records processed.
16500000 alignment records processed.
16600000 alignment records processed.
16700000 alignment records processed.
16800000 alignment records processed.
16900000 alignment records processed.
17000000 alignment records processed.
17100000 alignment records processed.
17200000 alignment records processed.
17300000 alignment records processed.
17400000 alignment records processed.
17500000 alignment records processed.
17600000 alignment records processed.
17700000 alignment records processed.
17800000 alignment records processed.
17900000 alignment records processed.
18000000 alignment records processed.
18100000 alignment records processed.
18200000 alignment records processed.
18300000 alignment records processed.
18400000 alignment records processed.
18500000 alignment records processed.
18600000 alignment records processed.
18700000 alignment records processed.
18800000 alignment records processed.
18900000 alignment records processed.
19000000 alignment records processed.
19100000 alignment records processed.
19200000 alignment records processed.
19300000 alignment records processed.
19400000 alignment records processed.
19500000 alignment records processed.
19600000 alignment records processed.
19700000 alignment records processed.
19800000 alignment records processed.
19900000 alignment records processed.
20000000 alignment records processed.
20100000 alignment records processed.
20200000 alignment records processed.
20300000 alignment records processed.
20400000 alignment records processed.
20500000 alignment records processed.
20600000 alignment records processed.
20700000 alignment records processed.
20800000 alignment records processed.
20900000 alignment records processed.
21000000 alignment records processed.
21100000 alignment records processed.
21200000 alignment records processed.
21300000 alignment records processed.
21400000 alignment records processed.
21500000 alignment records processed.
21600000 alignment records processed.
21700000 alignment records processed.
21800000 alignment records processed.
21900000 alignment records processed.
22000000 alignment records processed.
22100000 alignment records processed.
22200000 alignment records processed.
22300000 alignment records processed.
22321489 alignment records processed.
PROCESSING FILE: /home/assmith/project_1/outfiles/b-mapping//stomach_3b.s.Aligned.sortedByCoord.out.bam
100000 GFF lines processed.
200000 GFF lines processed.
300000 GFF lines processed.
400000 GFF lines processed.
500000 GFF lines processed.
600000 GFF lines processed.
700000 GFF lines processed.
800000 GFF lines processed.
900000 GFF lines processed.
1000000 GFF lines processed.
1100000 GFF lines processed.
1200000 GFF lines processed.
1300000 GFF lines processed.
1400000 GFF lines processed.
1500000 GFF lines processed.
1600000 GFF lines processed.
1700000 GFF lines processed.
1800000 GFF lines processed.
1900000 GFF lines processed.
2000000 GFF lines processed.
2100000 GFF lines processed.
2200000 GFF lines processed.
2300000 GFF lines processed.
2400000 GFF lines processed.
2500000 GFF lines processed.
2600000 GFF lines processed.
2700000 GFF lines processed.
2800000 GFF lines processed.
2900000 GFF lines processed.
3000000 GFF lines processed.
3100000 GFF lines processed.
3200000 GFF lines processed.
3300000 GFF lines processed.
3400000 GFF lines processed.
3500000 GFF lines processed.
3600000 GFF lines processed.
3700000 GFF lines processed.
3800000 GFF lines processed.
3900000 GFF lines processed.
4000000 GFF lines processed.
4100000 GFF lines processed.
4114450 GFF lines processed.
100000 alignment records processed.
200000 alignment records processed.
300000 alignment records processed.
400000 alignment records processed.
500000 alignment records processed.
600000 alignment records processed.
700000 alignment records processed.
800000 alignment records processed.
900000 alignment records processed.
1000000 alignment records processed.
1100000 alignment records processed.
1200000 alignment records processed.
1300000 alignment records processed.
1400000 alignment records processed.
1500000 alignment records processed.
1600000 alignment records processed.
1700000 alignment records processed.
1800000 alignment records processed.
1900000 alignment records processed.
2000000 alignment records processed.
2100000 alignment records processed.
2200000 alignment records processed.
2300000 alignment records processed.
2400000 alignment records processed.
2500000 alignment records processed.
2600000 alignment records processed.
2700000 alignment records processed.
2800000 alignment records processed.
2900000 alignment records processed.
3000000 alignment records processed.
3100000 alignment records processed.
3200000 alignment records processed.
3300000 alignment records processed.
3400000 alignment records processed.
3500000 alignment records processed.
3600000 alignment records processed.
3700000 alignment records processed.
3800000 alignment records processed.
3900000 alignment records processed.
4000000 alignment records processed.
4100000 alignment records processed.
4200000 alignment records processed.
4300000 alignment records processed.
4400000 alignment records processed.
4500000 alignment records processed.
4600000 alignment records processed.
4700000 alignment records processed.
4800000 alignment records processed.
4900000 alignment records processed.
5000000 alignment records processed.
5100000 alignment records processed.
5200000 alignment records processed.
5300000 alignment records processed.
5400000 alignment records processed.
5500000 alignment records processed.
5600000 alignment records processed.
5700000 alignment records processed.
5800000 alignment records processed.
5900000 alignment records processed.
6000000 alignment records processed.
6100000 alignment records processed.
6200000 alignment records processed.
6300000 alignment records processed.
6400000 alignment records processed.
6500000 alignment records processed.
6600000 alignment records processed.
6700000 alignment records processed.
6800000 alignment records processed.
6900000 alignment records processed.
7000000 alignment records processed.
7100000 alignment records processed.
7200000 alignment records processed.
7300000 alignment records processed.
7400000 alignment records processed.
7500000 alignment records processed.
7600000 alignment records processed.
7700000 alignment records processed.
7800000 alignment records processed.
7900000 alignment records processed.
8000000 alignment records processed.
8100000 alignment records processed.
8200000 alignment records processed.
8300000 alignment records processed.
8400000 alignment records processed.
8500000 alignment records processed.
8600000 alignment records processed.
8700000 alignment records processed.
8800000 alignment records processed.
8900000 alignment records processed.
9000000 alignment records processed.
9100000 alignment records processed.
9200000 alignment records processed.
9300000 alignment records processed.
9400000 alignment records processed.
9500000 alignment records processed.
9600000 alignment records processed.
9700000 alignment records processed.
9800000 alignment records processed.
9900000 alignment records processed.
10000000 alignment records processed.
10100000 alignment records processed.
10200000 alignment records processed.
10300000 alignment records processed.
10400000 alignment records processed.
10500000 alignment records processed.
10600000 alignment records processed.
10700000 alignment records processed.
10800000 alignment records processed.
10900000 alignment records processed.
11000000 alignment records processed.
11100000 alignment records processed.
11200000 alignment records processed.
11300000 alignment records processed.
11400000 alignment records processed.
11500000 alignment records processed.
11600000 alignment records processed.
11700000 alignment records processed.
11800000 alignment records processed.
11900000 alignment records processed.
12000000 alignment records processed.
12100000 alignment records processed.
12200000 alignment records processed.
12300000 alignment records processed.
12400000 alignment records processed.
12500000 alignment records processed.
12600000 alignment records processed.
12700000 alignment records processed.
12800000 alignment records processed.
12900000 alignment records processed.
13000000 alignment records processed.
13100000 alignment records processed.
13200000 alignment records processed.
13300000 alignment records processed.
13400000 alignment records processed.
13500000 alignment records processed.
13600000 alignment records processed.
13700000 alignment records processed.
13800000 alignment records processed.
13900000 alignment records processed.
14000000 alignment records processed.
14100000 alignment records processed.
14200000 alignment records processed.
14300000 alignment records processed.
14400000 alignment records processed.
14500000 alignment records processed.
14600000 alignment records processed.
14700000 alignment records processed.
14800000 alignment records processed.
14900000 alignment records processed.
15000000 alignment records processed.
15100000 alignment records processed.
15200000 alignment records processed.
15300000 alignment records processed.
15400000 alignment records processed.
15500000 alignment records processed.
15600000 alignment records processed.
15700000 alignment records processed.
15800000 alignment records processed.
15900000 alignment records processed.
16000000 alignment records processed.
16100000 alignment records processed.
16200000 alignment records processed.
16300000 alignment records processed.
16400000 alignment records processed.
16500000 alignment records processed.
16600000 alignment records processed.
16700000 alignment records processed.
16800000 alignment records processed.
16900000 alignment records processed.
17000000 alignment records processed.
17100000 alignment records processed.
17200000 alignment records processed.
17300000 alignment records processed.
17400000 alignment records processed.
17500000 alignment records processed.
17600000 alignment records processed.
17700000 alignment records processed.
17800000 alignment records processed.
17900000 alignment records processed.
18000000 alignment records processed.
18100000 alignment records processed.
18200000 alignment records processed.
18300000 alignment records processed.
18400000 alignment records processed.
18500000 alignment records processed.
18600000 alignment records processed.
18700000 alignment records processed.
18800000 alignment records processed.
18900000 alignment records processed.
19000000 alignment records processed.
19100000 alignment records processed.
19200000 alignment records processed.
19300000 alignment records processed.
19400000 alignment records processed.
19500000 alignment records processed.
19600000 alignment records processed.
19700000 alignment records processed.
19800000 alignment records processed.
19900000 alignment records processed.
20000000 alignment records processed.
20100000 alignment records processed.
20200000 alignment records processed.
20300000 alignment records processed.
20400000 alignment records processed.
20500000 alignment records processed.
20600000 alignment records processed.
20700000 alignment records processed.
20800000 alignment records processed.
20900000 alignment records processed.
21000000 alignment records processed.
21100000 alignment records processed.
21200000 alignment records processed.
21300000 alignment records processed.
21400000 alignment records processed.
21500000 alignment records processed.
21600000 alignment records processed.
21700000 alignment records processed.
21800000 alignment records processed.
21900000 alignment records processed.
22000000 alignment records processed.
22100000 alignment records processed.
22200000 alignment records processed.
22300000 alignment records processed.
22400000 alignment records processed.
22500000 alignment records processed.
22600000 alignment records processed.
22700000 alignment records processed.
22800000 alignment records processed.
22900000 alignment records processed.
23000000 alignment records processed.
23100000 alignment records processed.
23200000 alignment records processed.
23300000 alignment records processed.
23400000 alignment records processed.
23500000 alignment records processed.
23600000 alignment records processed.
23700000 alignment records processed.
23800000 alignment records processed.
23900000 alignment records processed.
24000000 alignment records processed.
24100000 alignment records processed.
24200000 alignment records processed.
24300000 alignment records processed.
24400000 alignment records processed.
24500000 alignment records processed.
24586823 alignment records processed.
================================================================================
JOB COMPLETED: Sat Apr 19 03:07:01 PM EDT 2025
================================================================================
