================================================================================
JOB STARTED: Sat Apr 19 03:46:02 PM EDT 2025
NODE: biomix14.dbi.local
SCRIPT /var/spool/slurm/d/job1014482/slurm_script:
#!/bin/bash
#SBATCH --job-name=trimming
#SBATCH --mem=32G
#SBATCH --cpus-per-task=16

### SCRIPT TRIMS RAW SEQUENCE DATA
### SOFTWARE USED: TrimGalore!, cutadapt, FastQC

##JOB LOG HEADER - Puts a copy of this script &  other debugging info in "slurm.out"
  perl -E 'say"="x80'; echo "JOB STARTED: $(date)"; echo "NODE: $(hostname)"; echo "SCRIPT ${0}:"; cat $0; perl -E 'say"="x80'

## SOFTWARE REQUIREMENTS
  export PATH=$PATH:/usr/local/FastQC

## PRIMARY VARIABLES - commonly need to change                                                    # TIP: ${HOME} inserts your home directory
  FASTQ_IN="/home/assmith/project_1/raw_data/stomach/stomach_3a.s.fastq.gz"     # FASTQ FILE LOCATION
  OUTDIR="/home/assmith/project_1/outfiles/a-mapping"                                               # OUTPUT DIRECTORY

## SECONDARY VARIABLES - rarely need to change
  MIN_LEN=40            # MINIMUM READ LENGTH TO KEEP
  MIN_QUAL=28           # MIN QUAL SCORE (PHRED) TO TRIM
  CPU=4                 # CPU CORES - TG oddly uses 4x this # - make sure #SBATCH requests enough (e.g. 16 for 4)

## COMMAND(s) TO RUN
  mkdir -p ${OUTDIR}    # MAKE SURE OUTPUT DIRECTORY EXISTS
  cd ${OUTDIR}          # CHANGE TO OUTPUT DIRECTORY

## Use _TrimGalore!_ to remove low quality sequences and adapters using _cutadapt_
 # It will also rerun _FastQC_ so you can see how the trimming worked...
    trim_galore \
      --length ${MIN_LEN} \
      --quality ${MIN_QUAL} \
      --cores ${CPU} \
      --fastqc \
      --fastqc_args "--threads ${SLURM_CPUS_PER_TASK}" \
      ${FASTQ_IN}

## JOB CLEANUP
  perl -E 'say"="x80'; echo "JOB COMPLETED: $(date)"; perl -E 'say"="x80'
================================================================================
Path to Cutadapt set as: 'cutadapt' (default)
Cutadapt seems to be working fine (tested command 'cutadapt --version')
Cutadapt version: 4.4
Cutadapt seems to be using Python 3! Proceeding with multi-core enabled Cutadapt using 4 cores
pigz 2.7
Parallel gzip (pigz) detected. Proceeding with multicore (de)compression using 4 cores

Proceeding with 'pigz -p 4' for decompression
To decrease CPU usage of decompression, please install 'igzip' and run again

No quality encoding type selected. Assuming that the data provided uses Sanger encoded Phred scores (default)



AUTO-DETECTING ADAPTER TYPE
===========================
Attempting to auto-detect adapter type from the first 1 million sequences of the first file (>> /home/assmith/project_1/raw_data/stomach/stomach_3a.s.fastq.gz <<)

Found perfect matches for the following adapter sequences:
Adapter type	Count	Sequence	Sequences analysed	Percentage
Illumina	130041	AGATCGGAAGAGC	1000000	13.00
smallRNA	8	TGGAATTCTCGG	1000000	0.00
Nextera	8	CTGTCTCTTATA	1000000	0.00
Using Illumina adapter for trimming (count: 130041). Second best hit was smallRNA (count: 8)

Writing report to 'stomach_3a.s.fastq.gz_trimming_report.txt'

SUMMARISING RUN PARAMETERS
==========================
Input filename: /home/assmith/project_1/raw_data/stomach/stomach_3a.s.fastq.gz
Trimming mode: single-end
Trim Galore version: 0.6.10
Cutadapt version: 4.4
Python version: 3.10.10
Number of cores used for trimming: 4
Quality Phred score cutoff: 28
Quality encoding type selected: ASCII+33
Adapter sequence: 'AGATCGGAAGAGC' (Illumina TruSeq, Sanger iPCR; auto-detected)
Maximum trimming error rate: 0.1 (default)
Minimum required adapter overlap (stringency): 1 bp
Minimum required sequence length before a sequence gets removed: 40 bp
Running FastQC on the data once trimming has completed
Running FastQC with the following extra arguments: '--threads 16'
Output file(s) will be GZIP compressed

Cutadapt seems to be fairly up-to-date (version 4.4). Setting -j 4
Writing final adapter and quality trimmed output to stomach_3a.s_trimmed.fq.gz


  >>> Now performing quality (cutoff '-q 28') and adapter trimming in a single pass for the adapter sequence: 'AGATCGGAAGAGC' from file /home/assmith/project_1/raw_data/stomach/stomach_3a.s.fastq.gz <<< 
10000000 sequences processed
20000000 sequences processed
This is cutadapt 4.4 with Python 3.10.10
Command line parameters: -j 4 -e 0.1 -q 28 -O 1 -a AGATCGGAAGAGC /home/assmith/project_1/raw_data/stomach/stomach_3a.s.fastq.gz
Processing single-end reads on 4 cores ...
Finished in 191.614 s (9.581 µs/read; 6.26 M reads/minute).

=== Summary ===

Total reads processed:              20,000,000
Reads with adapters:                 9,031,534 (45.2%)
Reads written (passing filters):    20,000,000 (100.0%)

Total basepairs processed: 2,020,000,000 bp
Quality-trimmed:              97,562,160 bp (4.8%)
Total written (filtered):  1,832,705,830 bp (90.7%)

=== Adapter 1 ===

Sequence: AGATCGGAAGAGC; Type: regular 3'; Length: 13; Trimmed: 9031534 times

Minimum overlap: 1
No. of allowed errors:
1-9 bp: 0; 10-13 bp: 1

Bases preceding removed adapters:
  A: 28.7%
  C: 28.4%
  G: 26.9%
  T: 15.0%
  none/other: 1.1%

Overview of removed sequences
length	count	expect	max.err	error counts
1	3740022	5000000.0	0	3740022
2	1361355	1250000.0	0	1361355
3	355930	312500.0	0	355930
4	150154	78125.0	0	150154
5	90251	19531.2	0	90251
6	115196	4882.8	0	115196
7	93115	1220.7	0	93115
8	87476	305.2	0	87476
9	157610	76.3	0	157088 522
10	78315	19.1	1	77172 1143
11	64425	4.8	1	63425 1000
12	106069	1.2	1	104939 1130
13	75207	0.3	1	74185 1022
14	105626	0.3	1	104200 1426
15	74347	0.3	1	73093 1254
16	115297	0.3	1	113420 1877
17	141094	0.3	1	138862 2232
18	136621	0.3	1	134648 1973
19	19362	0.3	1	18610 752
20	84417	0.3	1	83094 1323
21	102693	0.3	1	101004 1689
22	64174	0.3	1	62862 1312
23	92937	0.3	1	91070 1867
24	113343	0.3	1	111058 2285
25	109241	0.3	1	107206 2035
26	66861	0.3	1	65244 1617
27	91050	0.3	1	89129 1921
28	102886	0.3	1	100718 2168
29	98351	0.3	1	96169 2182
30	119417	0.3	1	117411 2006
31	42896	0.3	1	41684 1212
32	79111	0.3	1	77800 1311
33	49900	0.3	1	48367 1533
34	114487	0.3	1	112865 1622
35	10097	0.3	1	9454 643
36	63401	0.3	1	61765 1636
37	83446	0.3	1	81601 1845
38	53084	0.3	1	50653 2431
39	63408	0.3	1	61750 1658
40	26793	0.3	1	25030 1763
41	56328	0.3	1	55054 1274
42	23778	0.3	1	23002 776
43	23157	0.3	1	22696 461
44	13041	0.3	1	12482 559
45	25828	0.3	1	24955 873
46	23294	0.3	1	22663 631
47	9483	0.3	1	9093 390
48	9904	0.3	1	9509 395
49	13165	0.3	1	12734 431
50	6717	0.3	1	6292 425
51	8997	0.3	1	8381 616
52	9964	0.3	1	8863 1101
53	6187	0.3	1	5859 328
54	1519	0.3	1	1251 268
55	1112	0.3	1	847 265
56	2617	0.3	1	2232 385
57	3307	0.3	1	2778 529
58	1858	0.3	1	1094 764
59	2610	0.3	1	2126 484
60	1436	0.3	1	762 674
61	1462	0.3	1	679 783
62	3007	0.3	1	838 2169
63	4984	0.3	1	1334 3650
64	2308	0.3	1	965 1343
65	1503	0.3	1	387 1116
66	2213	0.3	1	455 1758
67	4704	0.3	1	590 4114
68	10450	0.3	1	978 9472
69	33624	0.3	1	1564 32060
70	13073	0.3	1	4142 8931
71	3991	0.3	1	1065 2926
72	1867	0.3	1	378 1489
73	560	0.3	1	120 440
74	80	0.3	1	19 61
75	39	0.3	1	14 25
76	23	0.3	1	2 21
77	20	0.3	1	3 17
78	18	0.3	1	2 16
79	16	0.3	1	5 11
80	25	0.3	1	11 14
81	27	0.3	1	7 20
82	20	0.3	1	9 11
83	18	0.3	1	3 15
84	28	0.3	1	9 19
85	23	0.3	1	7 16
86	16	0.3	1	4 12
87	28	0.3	1	12 16
88	26	0.3	1	8 18
89	28	0.3	1	5 23
90	10	0.3	1	5 5
91	17	0.3	1	3 14
92	31	0.3	1	3 28
93	28	0.3	1	2 26
94	35	0.3	1	2 33
95	40	0.3	1	1 39
96	62	0.3	1	5 57
97	110	0.3	1	5 105
98	183	0.3	1	6 177
99	334	0.3	1	22 312
100	1058	0.3	1	62 996
101	1678	0.3	1	72 1606

RUN STATISTICS FOR INPUT FILE: /home/assmith/project_1/raw_data/stomach/stomach_3a.s.fastq.gz
=============================================
20000000 sequences processed in total
Sequences removed because they became shorter than the length cutoff of 40 bp:	700759 (3.5%)


  >>> Now running FastQC on the data <<<

Started analysis of stomach_3a.s_trimmed.fq.gz
Approx 5% complete for stomach_3a.s_trimmed.fq.gz
Approx 10% complete for stomach_3a.s_trimmed.fq.gz
Approx 15% complete for stomach_3a.s_trimmed.fq.gz
Approx 20% complete for stomach_3a.s_trimmed.fq.gz
Approx 25% complete for stomach_3a.s_trimmed.fq.gz
Approx 30% complete for stomach_3a.s_trimmed.fq.gz
Approx 35% complete for stomach_3a.s_trimmed.fq.gz
Approx 40% complete for stomach_3a.s_trimmed.fq.gz
Approx 45% complete for stomach_3a.s_trimmed.fq.gz
Approx 50% complete for stomach_3a.s_trimmed.fq.gz
Approx 55% complete for stomach_3a.s_trimmed.fq.gz
Approx 60% complete for stomach_3a.s_trimmed.fq.gz
Approx 65% complete for stomach_3a.s_trimmed.fq.gz
Approx 70% complete for stomach_3a.s_trimmed.fq.gz
Approx 75% complete for stomach_3a.s_trimmed.fq.gz
Approx 80% complete for stomach_3a.s_trimmed.fq.gz
Approx 85% complete for stomach_3a.s_trimmed.fq.gz
Approx 90% complete for stomach_3a.s_trimmed.fq.gz
Approx 95% complete for stomach_3a.s_trimmed.fq.gz
Analysis complete for stomach_3a.s_trimmed.fq.gz
================================================================================
JOB COMPLETED: Sat Apr 19 03:51:11 PM EDT 2025
================================================================================
